2022-05-02 07:11:18 notice: Notice (1024): Please change the value of `Security.salt` in `ROOT/config/app_local.php` to a random value of at least 32 characters. in [/home/vagrant/code/04/vendor/cakephp/cakephp/src/Error/Debugger.php, line 1084]
Request URL: /
Client IP: 192.168.10.1
Trace:
Cake\Error\BaseErrorHandler::handleError() - CORE/src/Error/BaseErrorHandler.php, line 185
DebugKit\Plugin::DebugKit\{closure}() - ROOT/vendor/cakephp/debug_kit/src/Plugin.php, line 123
Cake\Error\Debugger::checkSecurityKeys() - CORE/src/Error/Debugger.php, line 1084
include - ROOT/templates/Pages/home.php, line 98
Cake\View\View::_evaluate() - CORE/src/View/View.php, line 1181
Cake\View\View::_render() - CORE/src/View/View.php, line 1138
Cake\View\View::render() - CORE/src/View/View.php, line 769
Cake\Controller\Controller::render() - CORE/src/Controller/Controller.php, line 764
App\Controller\PagesController::display() - APP/Controller/PagesController.php, line 65
Cake\Controller\Controller::invokeAction() - CORE/src/Controller/Controller.php, line 539
Cake\Controller\ControllerFactory::handle() - CORE/src/Controller/ControllerFactory.php, line 140
Cake\Controller\ControllerFactory::invoke() - CORE/src/Controller/ControllerFactory.php, line 115
Cake\Http\BaseApplication::handle() - CORE/src/Http/BaseApplication.php, line 317
Cake\Http\Runner::handle() - CORE/src/Http/Runner.php, line 77
Cake\Http\Middleware\CsrfProtectionMiddleware::process() - CORE/src/Http/Middleware/CsrfProtectionMiddleware.php, line 164
Cake\Http\Runner::handle() - CORE/src/Http/Runner.php, line 73
Cake\Http\Middleware\BodyParserMiddleware::process() - CORE/src/Http/Middleware/BodyParserMiddleware.php, line 157
Cake\Http\Runner::handle() - CORE/src/Http/Runner.php, line 73
Cake\Routing\Middleware\RoutingMiddleware::process() - CORE/src/Routing/Middleware/RoutingMiddleware.php, line 161
Cake\Http\Runner::handle() - CORE/src/Http/Runner.php, line 73
Cake\Routing\Middleware\AssetMiddleware::process() - CORE/src/Routing/Middleware/AssetMiddleware.php, line 68
Cake\Http\Runner::handle() - CORE/src/Http/Runner.php, line 73
Cake\Error\Middleware\ErrorHandlerMiddleware::process() - CORE/src/Error/Middleware/ErrorHandlerMiddleware.php, line 126
Cake\Http\Runner::handle() - CORE/src/Http/Runner.php, line 73
DebugKit\Middleware\DebugKitMiddleware::process() - ROOT/vendor/cakephp/debug_kit/src/Middleware/DebugKitMiddleware.php, line 60
Cake\Http\Runner::handle() - CORE/src/Http/Runner.php, line 73
Cake\Http\Runner::run() - CORE/src/Http/Runner.php, line 58
Cake\Http\Server::run() - CORE/src/Http/Server.php, line 90
require - ROOT/webroot/index.php, line 40
[main] - ROOT/index.php, line 16

