2022-05-02 07:13:33 error: [Cake\Http\Exception\NotFoundException] Please replace templates/Pages/home.php with your own version or re-enable debug mode. in /home/vagrant/code/04/templates/Pages/home.php on line 45
Stack Trace:
- /home/vagrant/code/04/vendor/cakephp/cakephp/src/View/View.php:1181
- /home/vagrant/code/04/vendor/cakephp/cakephp/src/View/View.php:1138
- /home/vagrant/code/04/vendor/cakephp/cakephp/src/View/View.php:769
- /home/vagrant/code/04/vendor/cakephp/cakephp/src/Controller/Controller.php:764
- /home/vagrant/code/04/src/Controller/PagesController.php:65
- /home/vagrant/code/04/vendor/cakephp/cakephp/src/Controller/Controller.php:539
- /home/vagrant/code/04/vendor/cakephp/cakephp/src/Controller/ControllerFactory.php:140
- /home/vagrant/code/04/vendor/cakephp/cakephp/src/Controller/ControllerFactory.php:115
- /home/vagrant/code/04/vendor/cakephp/cakephp/src/Http/BaseApplication.php:317
- /home/vagrant/code/04/vendor/cakephp/cakephp/src/Http/Runner.php:77
- /home/vagrant/code/04/vendor/cakephp/cakephp/src/Http/Middleware/CsrfProtectionMiddleware.php:174
- /home/vagrant/code/04/vendor/cakephp/cakephp/src/Http/Runner.php:73
- /home/vagrant/code/04/vendor/cakephp/cakephp/src/Http/Middleware/BodyParserMiddleware.php:157
- /home/vagrant/code/04/vendor/cakephp/cakephp/src/Http/Runner.php:73
- /home/vagrant/code/04/vendor/cakephp/cakephp/src/Routing/Middleware/RoutingMiddleware.php:161
- /home/vagrant/code/04/vendor/cakephp/cakephp/src/Http/Runner.php:73
- /home/vagrant/code/04/vendor/cakephp/cakephp/src/Routing/Middleware/AssetMiddleware.php:68
- /home/vagrant/code/04/vendor/cakephp/cakephp/src/Http/Runner.php:73
- /home/vagrant/code/04/vendor/cakephp/cakephp/src/Error/Middleware/ErrorHandlerMiddleware.php:126
- /home/vagrant/code/04/vendor/cakephp/cakephp/src/Http/Runner.php:73
- /home/vagrant/code/04/vendor/cakephp/cakephp/src/Http/Runner.php:58
- /home/vagrant/code/04/vendor/cakephp/cakephp/src/Http/Server.php:90
- /home/vagrant/code/04/webroot/index.php:40
- /home/vagrant/code/04/index.php:16

Request URL: /
Client IP: 192.168.10.1


2022-05-02 07:34:43 warning: Warning (2): Undefined array key "pageCount" in [/home/vagrant/code/04/vendor/cakephp/cakephp/src/View/Helper/PaginatorHelper.php, line 1046]
Request URL: /
Client IP: 192.168.10.1
Trace:
Cake\Error\BaseErrorHandler::handleError() - CORE/src/Error/BaseErrorHandler.php, line 185
Cake\View\Helper\PaginatorHelper::first() - CORE/src/View/Helper/PaginatorHelper.php, line 1046
include - ROOT/templates/Plans/index.php, line 40
Cake\View\View::_evaluate() - CORE/src/View/View.php, line 1181
Cake\View\View::_render() - CORE/src/View/View.php, line 1138
Cake\View\View::render() - CORE/src/View/View.php, line 769
Cake\Controller\Controller::render() - CORE/src/Controller/Controller.php, line 764
Cake\Controller\Controller::invokeAction() - CORE/src/Controller/Controller.php, line 548
Cake\Controller\ControllerFactory::handle() - CORE/src/Controller/ControllerFactory.php, line 140
Cake\Controller\ControllerFactory::invoke() - CORE/src/Controller/ControllerFactory.php, line 115
Cake\Http\BaseApplication::handle() - CORE/src/Http/BaseApplication.php, line 317
Cake\Http\Runner::handle() - CORE/src/Http/Runner.php, line 77
Cake\Http\Middleware\CsrfProtectionMiddleware::process() - CORE/src/Http/Middleware/CsrfProtectionMiddleware.php, line 174
Cake\Http\Runner::handle() - CORE/src/Http/Runner.php, line 73
Cake\Http\Middleware\BodyParserMiddleware::process() - CORE/src/Http/Middleware/BodyParserMiddleware.php, line 157
Cake\Http\Runner::handle() - CORE/src/Http/Runner.php, line 73
Cake\Routing\Middleware\RoutingMiddleware::process() - CORE/src/Routing/Middleware/RoutingMiddleware.php, line 161
Cake\Http\Runner::handle() - CORE/src/Http/Runner.php, line 73
Cake\Routing\Middleware\AssetMiddleware::process() - CORE/src/Routing/Middleware/AssetMiddleware.php, line 68
Cake\Http\Runner::handle() - CORE/src/Http/Runner.php, line 73
Cake\Error\Middleware\ErrorHandlerMiddleware::process() - CORE/src/Error/Middleware/ErrorHandlerMiddleware.php, line 126
Cake\Http\Runner::handle() - CORE/src/Http/Runner.php, line 73
Cake\Http\Runner::run() - CORE/src/Http/Runner.php, line 58
Cake\Http\Server::run() - CORE/src/Http/Server.php, line 90
require - ROOT/webroot/index.php, line 40
[main] - ROOT/index.php, line 16

2022-05-02 07:34:43 warning: Warning (2): Undefined array key "pageCount" in [/home/vagrant/code/04/vendor/cakephp/cakephp/src/View/Helper/PaginatorHelper.php, line 790]
Request URL: /
Client IP: 192.168.10.1
Trace:
Cake\Error\BaseErrorHandler::handleError() - CORE/src/Error/BaseErrorHandler.php, line 185
Cake\View\Helper\PaginatorHelper::numbers() - CORE/src/View/Helper/PaginatorHelper.php, line 790
include - ROOT/templates/Plans/index.php, line 42
Cake\View\View::_evaluate() - CORE/src/View/View.php, line 1181
Cake\View\View::_render() - CORE/src/View/View.php, line 1138
Cake\View\View::render() - CORE/src/View/View.php, line 769
Cake\Controller\Controller::render() - CORE/src/Controller/Controller.php, line 764
Cake\Controller\Controller::invokeAction() - CORE/src/Controller/Controller.php, line 548
Cake\Controller\ControllerFactory::handle() - CORE/src/Controller/ControllerFactory.php, line 140
Cake\Controller\ControllerFactory::invoke() - CORE/src/Controller/ControllerFactory.php, line 115
Cake\Http\BaseApplication::handle() - CORE/src/Http/BaseApplication.php, line 317
Cake\Http\Runner::handle() - CORE/src/Http/Runner.php, line 77
Cake\Http\Middleware\CsrfProtectionMiddleware::process() - CORE/src/Http/Middleware/CsrfProtectionMiddleware.php, line 174
Cake\Http\Runner::handle() - CORE/src/Http/Runner.php, line 73
Cake\Http\Middleware\BodyParserMiddleware::process() - CORE/src/Http/Middleware/BodyParserMiddleware.php, line 157
Cake\Http\Runner::handle() - CORE/src/Http/Runner.php, line 73
Cake\Routing\Middleware\RoutingMiddleware::process() - CORE/src/Routing/Middleware/RoutingMiddleware.php, line 161
Cake\Http\Runner::handle() - CORE/src/Http/Runner.php, line 73
Cake\Routing\Middleware\AssetMiddleware::process() - CORE/src/Routing/Middleware/AssetMiddleware.php, line 68
Cake\Http\Runner::handle() - CORE/src/Http/Runner.php, line 73
Cake\Error\Middleware\ErrorHandlerMiddleware::process() - CORE/src/Error/Middleware/ErrorHandlerMiddleware.php, line 126
Cake\Http\Runner::handle() - CORE/src/Http/Runner.php, line 73
Cake\Http\Runner::run() - CORE/src/Http/Runner.php, line 58
Cake\Http\Server::run() - CORE/src/Http/Server.php, line 90
require - ROOT/webroot/index.php, line 40
[main] - ROOT/index.php, line 16

2022-05-02 07:34:43 warning: Warning (2): Undefined array key "pageCount" in [/home/vagrant/code/04/vendor/cakephp/cakephp/src/View/Helper/PaginatorHelper.php, line 1105]
Request URL: /
Client IP: 192.168.10.1
Trace:
Cake\Error\BaseErrorHandler::handleError() - CORE/src/Error/BaseErrorHandler.php, line 185
Cake\View\Helper\PaginatorHelper::last() - CORE/src/View/Helper/PaginatorHelper.php, line 1105
include - ROOT/templates/Plans/index.php, line 44
Cake\View\View::_evaluate() - CORE/src/View/View.php, line 1181
Cake\View\View::_render() - CORE/src/View/View.php, line 1138
Cake\View\View::render() - CORE/src/View/View.php, line 769
Cake\Controller\Controller::render() - CORE/src/Controller/Controller.php, line 764
Cake\Controller\Controller::invokeAction() - CORE/src/Controller/Controller.php, line 548
Cake\Controller\ControllerFactory::handle() - CORE/src/Controller/ControllerFactory.php, line 140
Cake\Controller\ControllerFactory::invoke() - CORE/src/Controller/ControllerFactory.php, line 115
Cake\Http\BaseApplication::handle() - CORE/src/Http/BaseApplication.php, line 317
Cake\Http\Runner::handle() - CORE/src/Http/Runner.php, line 77
Cake\Http\Middleware\CsrfProtectionMiddleware::process() - CORE/src/Http/Middleware/CsrfProtectionMiddleware.php, line 174
Cake\Http\Runner::handle() - CORE/src/Http/Runner.php, line 73
Cake\Http\Middleware\BodyParserMiddleware::process() - CORE/src/Http/Middleware/BodyParserMiddleware.php, line 157
Cake\Http\Runner::handle() - CORE/src/Http/Runner.php, line 73
Cake\Routing\Middleware\RoutingMiddleware::process() - CORE/src/Routing/Middleware/RoutingMiddleware.php, line 161
Cake\Http\Runner::handle() - CORE/src/Http/Runner.php, line 73
Cake\Routing\Middleware\AssetMiddleware::process() - CORE/src/Routing/Middleware/AssetMiddleware.php, line 68
Cake\Http\Runner::handle() - CORE/src/Http/Runner.php, line 73
Cake\Error\Middleware\ErrorHandlerMiddleware::process() - CORE/src/Error/Middleware/ErrorHandlerMiddleware.php, line 126
Cake\Http\Runner::handle() - CORE/src/Http/Runner.php, line 73
Cake\Http\Runner::run() - CORE/src/Http/Runner.php, line 58
Cake\Http\Server::run() - CORE/src/Http/Server.php, line 90
require - ROOT/webroot/index.php, line 40
[main] - ROOT/index.php, line 16

2022-05-02 07:34:43 warning: Warning (2): Undefined array key "pageCount" in [/home/vagrant/code/04/vendor/cakephp/cakephp/src/View/Helper/PaginatorHelper.php, line 716]
Request URL: /
Client IP: 192.168.10.1
Trace:
Cake\Error\BaseErrorHandler::handleError() - CORE/src/Error/BaseErrorHandler.php, line 185
Cake\View\Helper\PaginatorHelper::counter() - CORE/src/View/Helper/PaginatorHelper.php, line 716
include - ROOT/templates/Plans/index.php, line 46
Cake\View\View::_evaluate() - CORE/src/View/View.php, line 1181
Cake\View\View::_render() - CORE/src/View/View.php, line 1138
Cake\View\View::render() - CORE/src/View/View.php, line 769
Cake\Controller\Controller::render() - CORE/src/Controller/Controller.php, line 764
Cake\Controller\Controller::invokeAction() - CORE/src/Controller/Controller.php, line 548
Cake\Controller\ControllerFactory::handle() - CORE/src/Controller/ControllerFactory.php, line 140
Cake\Controller\ControllerFactory::invoke() - CORE/src/Controller/ControllerFactory.php, line 115
Cake\Http\BaseApplication::handle() - CORE/src/Http/BaseApplication.php, line 317
Cake\Http\Runner::handle() - CORE/src/Http/Runner.php, line 77
Cake\Http\Middleware\CsrfProtectionMiddleware::process() - CORE/src/Http/Middleware/CsrfProtectionMiddleware.php, line 174
Cake\Http\Runner::handle() - CORE/src/Http/Runner.php, line 73
Cake\Http\Middleware\BodyParserMiddleware::process() - CORE/src/Http/Middleware/BodyParserMiddleware.php, line 157
Cake\Http\Runner::handle() - CORE/src/Http/Runner.php, line 73
Cake\Routing\Middleware\RoutingMiddleware::process() - CORE/src/Routing/Middleware/RoutingMiddleware.php, line 161
Cake\Http\Runner::handle() - CORE/src/Http/Runner.php, line 73
Cake\Routing\Middleware\AssetMiddleware::process() - CORE/src/Routing/Middleware/AssetMiddleware.php, line 68
Cake\Http\Runner::handle() - CORE/src/Http/Runner.php, line 73
Cake\Error\Middleware\ErrorHandlerMiddleware::process() - CORE/src/Error/Middleware/ErrorHandlerMiddleware.php, line 126
Cake\Http\Runner::handle() - CORE/src/Http/Runner.php, line 73
Cake\Http\Runner::run() - CORE/src/Http/Runner.php, line 58
Cake\Http\Server::run() - CORE/src/Http/Server.php, line 90
require - ROOT/webroot/index.php, line 40
[main] - ROOT/index.php, line 16

2022-05-02 07:34:43 warning: Warning (2): Undefined array key "page" in [/home/vagrant/code/04/vendor/cakephp/cakephp/src/View/Helper/PaginatorHelper.php, line 730]
Request URL: /
Client IP: 192.168.10.1
Trace:
Cake\Error\BaseErrorHandler::handleError() - CORE/src/Error/BaseErrorHandler.php, line 185
Cake\View\Helper\PaginatorHelper::counter() - CORE/src/View/Helper/PaginatorHelper.php, line 730
include - ROOT/templates/Plans/index.php, line 46
Cake\View\View::_evaluate() - CORE/src/View/View.php, line 1181
Cake\View\View::_render() - CORE/src/View/View.php, line 1138
Cake\View\View::render() - CORE/src/View/View.php, line 769
Cake\Controller\Controller::render() - CORE/src/Controller/Controller.php, line 764
Cake\Controller\Controller::invokeAction() - CORE/src/Controller/Controller.php, line 548
Cake\Controller\ControllerFactory::handle() - CORE/src/Controller/ControllerFactory.php, line 140
Cake\Controller\ControllerFactory::invoke() - CORE/src/Controller/ControllerFactory.php, line 115
Cake\Http\BaseApplication::handle() - CORE/src/Http/BaseApplication.php, line 317
Cake\Http\Runner::handle() - CORE/src/Http/Runner.php, line 77
Cake\Http\Middleware\CsrfProtectionMiddleware::process() - CORE/src/Http/Middleware/CsrfProtectionMiddleware.php, line 174
Cake\Http\Runner::handle() - CORE/src/Http/Runner.php, line 73
Cake\Http\Middleware\BodyParserMiddleware::process() - CORE/src/Http/Middleware/BodyParserMiddleware.php, line 157
Cake\Http\Runner::handle() - CORE/src/Http/Runner.php, line 73
Cake\Routing\Middleware\RoutingMiddleware::process() - CORE/src/Routing/Middleware/RoutingMiddleware.php, line 161
Cake\Http\Runner::handle() - CORE/src/Http/Runner.php, line 73
Cake\Routing\Middleware\AssetMiddleware::process() - CORE/src/Routing/Middleware/AssetMiddleware.php, line 68
Cake\Http\Runner::handle() - CORE/src/Http/Runner.php, line 73
Cake\Error\Middleware\ErrorHandlerMiddleware::process() - CORE/src/Error/Middleware/ErrorHandlerMiddleware.php, line 126
Cake\Http\Runner::handle() - CORE/src/Http/Runner.php, line 73
Cake\Http\Runner::run() - CORE/src/Http/Runner.php, line 58
Cake\Http\Server::run() - CORE/src/Http/Server.php, line 90
require - ROOT/webroot/index.php, line 40
[main] - ROOT/index.php, line 16

2022-05-02 07:34:43 warning: Warning (2): Undefined array key "current" in [/home/vagrant/code/04/vendor/cakephp/cakephp/src/View/Helper/PaginatorHelper.php, line 732]
Request URL: /
Client IP: 192.168.10.1
Trace:
Cake\Error\BaseErrorHandler::handleError() - CORE/src/Error/BaseErrorHandler.php, line 185
Cake\View\Helper\PaginatorHelper::counter() - CORE/src/View/Helper/PaginatorHelper.php, line 732
include - ROOT/templates/Plans/index.php, line 46
Cake\View\View::_evaluate() - CORE/src/View/View.php, line 1181
Cake\View\View::_render() - CORE/src/View/View.php, line 1138
Cake\View\View::render() - CORE/src/View/View.php, line 769
Cake\Controller\Controller::render() - CORE/src/Controller/Controller.php, line 764
Cake\Controller\Controller::invokeAction() - CORE/src/Controller/Controller.php, line 548
Cake\Controller\ControllerFactory::handle() - CORE/src/Controller/ControllerFactory.php, line 140
Cake\Controller\ControllerFactory::invoke() - CORE/src/Controller/ControllerFactory.php, line 115
Cake\Http\BaseApplication::handle() - CORE/src/Http/BaseApplication.php, line 317
Cake\Http\Runner::handle() - CORE/src/Http/Runner.php, line 77
Cake\Http\Middleware\CsrfProtectionMiddleware::process() - CORE/src/Http/Middleware/CsrfProtectionMiddleware.php, line 174
Cake\Http\Runner::handle() - CORE/src/Http/Runner.php, line 73
Cake\Http\Middleware\BodyParserMiddleware::process() - CORE/src/Http/Middleware/BodyParserMiddleware.php, line 157
Cake\Http\Runner::handle() - CORE/src/Http/Runner.php, line 73
Cake\Routing\Middleware\RoutingMiddleware::process() - CORE/src/Routing/Middleware/RoutingMiddleware.php, line 161
Cake\Http\Runner::handle() - CORE/src/Http/Runner.php, line 73
Cake\Routing\Middleware\AssetMiddleware::process() - CORE/src/Routing/Middleware/AssetMiddleware.php, line 68
Cake\Http\Runner::handle() - CORE/src/Http/Runner.php, line 73
Cake\Error\Middleware\ErrorHandlerMiddleware::process() - CORE/src/Error/Middleware/ErrorHandlerMiddleware.php, line 126
Cake\Http\Runner::handle() - CORE/src/Http/Runner.php, line 73
Cake\Http\Runner::run() - CORE/src/Http/Runner.php, line 58
Cake\Http\Server::run() - CORE/src/Http/Server.php, line 90
require - ROOT/webroot/index.php, line 40
[main] - ROOT/index.php, line 16

2022-05-02 07:34:43 warning: Warning (2): Undefined array key "count" in [/home/vagrant/code/04/vendor/cakephp/cakephp/src/View/Helper/PaginatorHelper.php, line 733]
Request URL: /
Client IP: 192.168.10.1
Trace:
Cake\Error\BaseErrorHandler::handleError() - CORE/src/Error/BaseErrorHandler.php, line 185
Cake\View\Helper\PaginatorHelper::counter() - CORE/src/View/Helper/PaginatorHelper.php, line 733
include - ROOT/templates/Plans/index.php, line 46
Cake\View\View::_evaluate() - CORE/src/View/View.php, line 1181
Cake\View\View::_render() - CORE/src/View/View.php, line 1138
Cake\View\View::render() - CORE/src/View/View.php, line 769
Cake\Controller\Controller::render() - CORE/src/Controller/Controller.php, line 764
Cake\Controller\Controller::invokeAction() - CORE/src/Controller/Controller.php, line 548
Cake\Controller\ControllerFactory::handle() - CORE/src/Controller/ControllerFactory.php, line 140
Cake\Controller\ControllerFactory::invoke() - CORE/src/Controller/ControllerFactory.php, line 115
Cake\Http\BaseApplication::handle() - CORE/src/Http/BaseApplication.php, line 317
Cake\Http\Runner::handle() - CORE/src/Http/Runner.php, line 77
Cake\Http\Middleware\CsrfProtectionMiddleware::process() - CORE/src/Http/Middleware/CsrfProtectionMiddleware.php, line 174
Cake\Http\Runner::handle() - CORE/src/Http/Runner.php, line 73
Cake\Http\Middleware\BodyParserMiddleware::process() - CORE/src/Http/Middleware/BodyParserMiddleware.php, line 157
Cake\Http\Runner::handle() - CORE/src/Http/Runner.php, line 73
Cake\Routing\Middleware\RoutingMiddleware::process() - CORE/src/Routing/Middleware/RoutingMiddleware.php, line 161
Cake\Http\Runner::handle() - CORE/src/Http/Runner.php, line 73
Cake\Routing\Middleware\AssetMiddleware::process() - CORE/src/Routing/Middleware/AssetMiddleware.php, line 68
Cake\Http\Runner::handle() - CORE/src/Http/Runner.php, line 73
Cake\Error\Middleware\ErrorHandlerMiddleware::process() - CORE/src/Error/Middleware/ErrorHandlerMiddleware.php, line 126
Cake\Http\Runner::handle() - CORE/src/Http/Runner.php, line 73
Cake\Http\Runner::run() - CORE/src/Http/Runner.php, line 58
Cake\Http\Server::run() - CORE/src/Http/Server.php, line 90
require - ROOT/webroot/index.php, line 40
[main] - ROOT/index.php, line 16

2022-05-02 07:34:43 warning: Warning (2): Undefined array key "start" in [/home/vagrant/code/04/vendor/cakephp/cakephp/src/View/Helper/PaginatorHelper.php, line 734]
Request URL: /
Client IP: 192.168.10.1
Trace:
Cake\Error\BaseErrorHandler::handleError() - CORE/src/Error/BaseErrorHandler.php, line 185
Cake\View\Helper\PaginatorHelper::counter() - CORE/src/View/Helper/PaginatorHelper.php, line 734
include - ROOT/templates/Plans/index.php, line 46
Cake\View\View::_evaluate() - CORE/src/View/View.php, line 1181
Cake\View\View::_render() - CORE/src/View/View.php, line 1138
Cake\View\View::render() - CORE/src/View/View.php, line 769
Cake\Controller\Controller::render() - CORE/src/Controller/Controller.php, line 764
Cake\Controller\Controller::invokeAction() - CORE/src/Controller/Controller.php, line 548
Cake\Controller\ControllerFactory::handle() - CORE/src/Controller/ControllerFactory.php, line 140
Cake\Controller\ControllerFactory::invoke() - CORE/src/Controller/ControllerFactory.php, line 115
Cake\Http\BaseApplication::handle() - CORE/src/Http/BaseApplication.php, line 317
Cake\Http\Runner::handle() - CORE/src/Http/Runner.php, line 77
Cake\Http\Middleware\CsrfProtectionMiddleware::process() - CORE/src/Http/Middleware/CsrfProtectionMiddleware.php, line 174
Cake\Http\Runner::handle() - CORE/src/Http/Runner.php, line 73
Cake\Http\Middleware\BodyParserMiddleware::process() - CORE/src/Http/Middleware/BodyParserMiddleware.php, line 157
Cake\Http\Runner::handle() - CORE/src/Http/Runner.php, line 73
Cake\Routing\Middleware\RoutingMiddleware::process() - CORE/src/Routing/Middleware/RoutingMiddleware.php, line 161
Cake\Http\Runner::handle() - CORE/src/Http/Runner.php, line 73
Cake\Routing\Middleware\AssetMiddleware::process() - CORE/src/Routing/Middleware/AssetMiddleware.php, line 68
Cake\Http\Runner::handle() - CORE/src/Http/Runner.php, line 73
Cake\Error\Middleware\ErrorHandlerMiddleware::process() - CORE/src/Error/Middleware/ErrorHandlerMiddleware.php, line 126
Cake\Http\Runner::handle() - CORE/src/Http/Runner.php, line 73
Cake\Http\Runner::run() - CORE/src/Http/Runner.php, line 58
Cake\Http\Server::run() - CORE/src/Http/Server.php, line 90
require - ROOT/webroot/index.php, line 40
[main] - ROOT/index.php, line 16

2022-05-02 07:34:43 warning: Warning (2): Undefined array key "end" in [/home/vagrant/code/04/vendor/cakephp/cakephp/src/View/Helper/PaginatorHelper.php, line 735]
Request URL: /
Client IP: 192.168.10.1
Trace:
Cake\Error\BaseErrorHandler::handleError() - CORE/src/Error/BaseErrorHandler.php, line 185
Cake\View\Helper\PaginatorHelper::counter() - CORE/src/View/Helper/PaginatorHelper.php, line 735
include - ROOT/templates/Plans/index.php, line 46
Cake\View\View::_evaluate() - CORE/src/View/View.php, line 1181
Cake\View\View::_render() - CORE/src/View/View.php, line 1138
Cake\View\View::render() - CORE/src/View/View.php, line 769
Cake\Controller\Controller::render() - CORE/src/Controller/Controller.php, line 764
Cake\Controller\Controller::invokeAction() - CORE/src/Controller/Controller.php, line 548
Cake\Controller\ControllerFactory::handle() - CORE/src/Controller/ControllerFactory.php, line 140
Cake\Controller\ControllerFactory::invoke() - CORE/src/Controller/ControllerFactory.php, line 115
Cake\Http\BaseApplication::handle() - CORE/src/Http/BaseApplication.php, line 317
Cake\Http\Runner::handle() - CORE/src/Http/Runner.php, line 77
Cake\Http\Middleware\CsrfProtectionMiddleware::process() - CORE/src/Http/Middleware/CsrfProtectionMiddleware.php, line 174
Cake\Http\Runner::handle() - CORE/src/Http/Runner.php, line 73
Cake\Http\Middleware\BodyParserMiddleware::process() - CORE/src/Http/Middleware/BodyParserMiddleware.php, line 157
Cake\Http\Runner::handle() - CORE/src/Http/Runner.php, line 73
Cake\Routing\Middleware\RoutingMiddleware::process() - CORE/src/Routing/Middleware/RoutingMiddleware.php, line 161
Cake\Http\Runner::handle() - CORE/src/Http/Runner.php, line 73
Cake\Routing\Middleware\AssetMiddleware::process() - CORE/src/Routing/Middleware/AssetMiddleware.php, line 68
Cake\Http\Runner::handle() - CORE/src/Http/Runner.php, line 73
Cake\Error\Middleware\ErrorHandlerMiddleware::process() - CORE/src/Error/Middleware/ErrorHandlerMiddleware.php, line 126
Cake\Http\Runner::handle() - CORE/src/Http/Runner.php, line 73
Cake\Http\Runner::run() - CORE/src/Http/Runner.php, line 58
Cake\Http\Server::run() - CORE/src/Http/Server.php, line 90
require - ROOT/webroot/index.php, line 40
[main] - ROOT/index.php, line 16

2022-05-02 07:34:43 error: [TypeError] Cake\Utility\Inflector::tableize(): Argument #1 ($className) must be of type string, null given, called in /home/vagrant/code/04/vendor/cakephp/cakephp/src/View/Helper/PaginatorHelper.php on line 739 in /home/vagrant/code/04/vendor/cakephp/cakephp/src/Utility/Inflector.php on line 473
Stack Trace:
- /home/vagrant/code/04/vendor/cakephp/cakephp/src/View/Helper/PaginatorHelper.php:739
- /home/vagrant/code/04/templates/Plans/index.php:46
- /home/vagrant/code/04/vendor/cakephp/cakephp/src/View/View.php:1181
- /home/vagrant/code/04/vendor/cakephp/cakephp/src/View/View.php:1138
- /home/vagrant/code/04/vendor/cakephp/cakephp/src/View/View.php:769
- /home/vagrant/code/04/vendor/cakephp/cakephp/src/Controller/Controller.php:764
- /home/vagrant/code/04/vendor/cakephp/cakephp/src/Controller/Controller.php:548
- /home/vagrant/code/04/vendor/cakephp/cakephp/src/Controller/ControllerFactory.php:140
- /home/vagrant/code/04/vendor/cakephp/cakephp/src/Controller/ControllerFactory.php:115
- /home/vagrant/code/04/vendor/cakephp/cakephp/src/Http/BaseApplication.php:317
- /home/vagrant/code/04/vendor/cakephp/cakephp/src/Http/Runner.php:77
- /home/vagrant/code/04/vendor/cakephp/cakephp/src/Http/Middleware/CsrfProtectionMiddleware.php:174
- /home/vagrant/code/04/vendor/cakephp/cakephp/src/Http/Runner.php:73
- /home/vagrant/code/04/vendor/cakephp/cakephp/src/Http/Middleware/BodyParserMiddleware.php:157
- /home/vagrant/code/04/vendor/cakephp/cakephp/src/Http/Runner.php:73
- /home/vagrant/code/04/vendor/cakephp/cakephp/src/Routing/Middleware/RoutingMiddleware.php:161
- /home/vagrant/code/04/vendor/cakephp/cakephp/src/Http/Runner.php:73
- /home/vagrant/code/04/vendor/cakephp/cakephp/src/Routing/Middleware/AssetMiddleware.php:68
- /home/vagrant/code/04/vendor/cakephp/cakephp/src/Http/Runner.php:73
- /home/vagrant/code/04/vendor/cakephp/cakephp/src/Error/Middleware/ErrorHandlerMiddleware.php:126
- /home/vagrant/code/04/vendor/cakephp/cakephp/src/Http/Runner.php:73
- /home/vagrant/code/04/vendor/cakephp/cakephp/src/Http/Runner.php:58
- /home/vagrant/code/04/vendor/cakephp/cakephp/src/Http/Server.php:90
- /home/vagrant/code/04/webroot/index.php:40
- /home/vagrant/code/04/index.php:16

Request URL: /
Client IP: 192.168.10.1


2022-05-02 07:34:44 warning: Warning (2): Undefined array key "pageCount" in [/home/vagrant/code/04/vendor/cakephp/cakephp/src/View/Helper/PaginatorHelper.php, line 1046]
Request URL: /
Client IP: 192.168.10.1
Trace:
Cake\Error\BaseErrorHandler::handleError() - CORE/src/Error/BaseErrorHandler.php, line 185
Cake\View\Helper\PaginatorHelper::first() - CORE/src/View/Helper/PaginatorHelper.php, line 1046
include - ROOT/templates/Plans/index.php, line 40
Cake\View\View::_evaluate() - CORE/src/View/View.php, line 1181
Cake\View\View::_render() - CORE/src/View/View.php, line 1138
Cake\View\View::render() - CORE/src/View/View.php, line 769
Cake\Controller\Controller::render() - CORE/src/Controller/Controller.php, line 764
Cake\Controller\Controller::invokeAction() - CORE/src/Controller/Controller.php, line 548
Cake\Controller\ControllerFactory::handle() - CORE/src/Controller/ControllerFactory.php, line 140
Cake\Controller\ControllerFactory::invoke() - CORE/src/Controller/ControllerFactory.php, line 115
Cake\Http\BaseApplication::handle() - CORE/src/Http/BaseApplication.php, line 317
Cake\Http\Runner::handle() - CORE/src/Http/Runner.php, line 77
Cake\Http\Middleware\CsrfProtectionMiddleware::process() - CORE/src/Http/Middleware/CsrfProtectionMiddleware.php, line 174
Cake\Http\Runner::handle() - CORE/src/Http/Runner.php, line 73
Cake\Http\Middleware\BodyParserMiddleware::process() - CORE/src/Http/Middleware/BodyParserMiddleware.php, line 157
Cake\Http\Runner::handle() - CORE/src/Http/Runner.php, line 73
Cake\Routing\Middleware\RoutingMiddleware::process() - CORE/src/Routing/Middleware/RoutingMiddleware.php, line 161
Cake\Http\Runner::handle() - CORE/src/Http/Runner.php, line 73
Cake\Routing\Middleware\AssetMiddleware::process() - CORE/src/Routing/Middleware/AssetMiddleware.php, line 68
Cake\Http\Runner::handle() - CORE/src/Http/Runner.php, line 73
Cake\Error\Middleware\ErrorHandlerMiddleware::process() - CORE/src/Error/Middleware/ErrorHandlerMiddleware.php, line 126
Cake\Http\Runner::handle() - CORE/src/Http/Runner.php, line 73
Cake\Http\Runner::run() - CORE/src/Http/Runner.php, line 58
Cake\Http\Server::run() - CORE/src/Http/Server.php, line 90
require - ROOT/webroot/index.php, line 40
[main] - ROOT/index.php, line 16

2022-05-02 07:34:44 warning: Warning (2): Undefined array key "pageCount" in [/home/vagrant/code/04/vendor/cakephp/cakephp/src/View/Helper/PaginatorHelper.php, line 790]
Request URL: /
Client IP: 192.168.10.1
Trace:
Cake\Error\BaseErrorHandler::handleError() - CORE/src/Error/BaseErrorHandler.php, line 185
Cake\View\Helper\PaginatorHelper::numbers() - CORE/src/View/Helper/PaginatorHelper.php, line 790
include - ROOT/templates/Plans/index.php, line 42
Cake\View\View::_evaluate() - CORE/src/View/View.php, line 1181
Cake\View\View::_render() - CORE/src/View/View.php, line 1138
Cake\View\View::render() - CORE/src/View/View.php, line 769
Cake\Controller\Controller::render() - CORE/src/Controller/Controller.php, line 764
Cake\Controller\Controller::invokeAction() - CORE/src/Controller/Controller.php, line 548
Cake\Controller\ControllerFactory::handle() - CORE/src/Controller/ControllerFactory.php, line 140
Cake\Controller\ControllerFactory::invoke() - CORE/src/Controller/ControllerFactory.php, line 115
Cake\Http\BaseApplication::handle() - CORE/src/Http/BaseApplication.php, line 317
Cake\Http\Runner::handle() - CORE/src/Http/Runner.php, line 77
Cake\Http\Middleware\CsrfProtectionMiddleware::process() - CORE/src/Http/Middleware/CsrfProtectionMiddleware.php, line 174
Cake\Http\Runner::handle() - CORE/src/Http/Runner.php, line 73
Cake\Http\Middleware\BodyParserMiddleware::process() - CORE/src/Http/Middleware/BodyParserMiddleware.php, line 157
Cake\Http\Runner::handle() - CORE/src/Http/Runner.php, line 73
Cake\Routing\Middleware\RoutingMiddleware::process() - CORE/src/Routing/Middleware/RoutingMiddleware.php, line 161
Cake\Http\Runner::handle() - CORE/src/Http/Runner.php, line 73
Cake\Routing\Middleware\AssetMiddleware::process() - CORE/src/Routing/Middleware/AssetMiddleware.php, line 68
Cake\Http\Runner::handle() - CORE/src/Http/Runner.php, line 73
Cake\Error\Middleware\ErrorHandlerMiddleware::process() - CORE/src/Error/Middleware/ErrorHandlerMiddleware.php, line 126
Cake\Http\Runner::handle() - CORE/src/Http/Runner.php, line 73
Cake\Http\Runner::run() - CORE/src/Http/Runner.php, line 58
Cake\Http\Server::run() - CORE/src/Http/Server.php, line 90
require - ROOT/webroot/index.php, line 40
[main] - ROOT/index.php, line 16

2022-05-02 07:34:44 warning: Warning (2): Undefined array key "pageCount" in [/home/vagrant/code/04/vendor/cakephp/cakephp/src/View/Helper/PaginatorHelper.php, line 1105]
Request URL: /
Client IP: 192.168.10.1
Trace:
Cake\Error\BaseErrorHandler::handleError() - CORE/src/Error/BaseErrorHandler.php, line 185
Cake\View\Helper\PaginatorHelper::last() - CORE/src/View/Helper/PaginatorHelper.php, line 1105
include - ROOT/templates/Plans/index.php, line 44
Cake\View\View::_evaluate() - CORE/src/View/View.php, line 1181
Cake\View\View::_render() - CORE/src/View/View.php, line 1138
Cake\View\View::render() - CORE/src/View/View.php, line 769
Cake\Controller\Controller::render() - CORE/src/Controller/Controller.php, line 764
Cake\Controller\Controller::invokeAction() - CORE/src/Controller/Controller.php, line 548
Cake\Controller\ControllerFactory::handle() - CORE/src/Controller/ControllerFactory.php, line 140
Cake\Controller\ControllerFactory::invoke() - CORE/src/Controller/ControllerFactory.php, line 115
Cake\Http\BaseApplication::handle() - CORE/src/Http/BaseApplication.php, line 317
Cake\Http\Runner::handle() - CORE/src/Http/Runner.php, line 77
Cake\Http\Middleware\CsrfProtectionMiddleware::process() - CORE/src/Http/Middleware/CsrfProtectionMiddleware.php, line 174
Cake\Http\Runner::handle() - CORE/src/Http/Runner.php, line 73
Cake\Http\Middleware\BodyParserMiddleware::process() - CORE/src/Http/Middleware/BodyParserMiddleware.php, line 157
Cake\Http\Runner::handle() - CORE/src/Http/Runner.php, line 73
Cake\Routing\Middleware\RoutingMiddleware::process() - CORE/src/Routing/Middleware/RoutingMiddleware.php, line 161
Cake\Http\Runner::handle() - CORE/src/Http/Runner.php, line 73
Cake\Routing\Middleware\AssetMiddleware::process() - CORE/src/Routing/Middleware/AssetMiddleware.php, line 68
Cake\Http\Runner::handle() - CORE/src/Http/Runner.php, line 73
Cake\Error\Middleware\ErrorHandlerMiddleware::process() - CORE/src/Error/Middleware/ErrorHandlerMiddleware.php, line 126
Cake\Http\Runner::handle() - CORE/src/Http/Runner.php, line 73
Cake\Http\Runner::run() - CORE/src/Http/Runner.php, line 58
Cake\Http\Server::run() - CORE/src/Http/Server.php, line 90
require - ROOT/webroot/index.php, line 40
[main] - ROOT/index.php, line 16

2022-05-02 07:34:44 warning: Warning (2): Undefined array key "pageCount" in [/home/vagrant/code/04/vendor/cakephp/cakephp/src/View/Helper/PaginatorHelper.php, line 716]
Request URL: /
Client IP: 192.168.10.1
Trace:
Cake\Error\BaseErrorHandler::handleError() - CORE/src/Error/BaseErrorHandler.php, line 185
Cake\View\Helper\PaginatorHelper::counter() - CORE/src/View/Helper/PaginatorHelper.php, line 716
include - ROOT/templates/Plans/index.php, line 46
Cake\View\View::_evaluate() - CORE/src/View/View.php, line 1181
Cake\View\View::_render() - CORE/src/View/View.php, line 1138
Cake\View\View::render() - CORE/src/View/View.php, line 769
Cake\Controller\Controller::render() - CORE/src/Controller/Controller.php, line 764
Cake\Controller\Controller::invokeAction() - CORE/src/Controller/Controller.php, line 548
Cake\Controller\ControllerFactory::handle() - CORE/src/Controller/ControllerFactory.php, line 140
Cake\Controller\ControllerFactory::invoke() - CORE/src/Controller/ControllerFactory.php, line 115
Cake\Http\BaseApplication::handle() - CORE/src/Http/BaseApplication.php, line 317
Cake\Http\Runner::handle() - CORE/src/Http/Runner.php, line 77
Cake\Http\Middleware\CsrfProtectionMiddleware::process() - CORE/src/Http/Middleware/CsrfProtectionMiddleware.php, line 174
Cake\Http\Runner::handle() - CORE/src/Http/Runner.php, line 73
Cake\Http\Middleware\BodyParserMiddleware::process() - CORE/src/Http/Middleware/BodyParserMiddleware.php, line 157
Cake\Http\Runner::handle() - CORE/src/Http/Runner.php, line 73
Cake\Routing\Middleware\RoutingMiddleware::process() - CORE/src/Routing/Middleware/RoutingMiddleware.php, line 161
Cake\Http\Runner::handle() - CORE/src/Http/Runner.php, line 73
Cake\Routing\Middleware\AssetMiddleware::process() - CORE/src/Routing/Middleware/AssetMiddleware.php, line 68
Cake\Http\Runner::handle() - CORE/src/Http/Runner.php, line 73
Cake\Error\Middleware\ErrorHandlerMiddleware::process() - CORE/src/Error/Middleware/ErrorHandlerMiddleware.php, line 126
Cake\Http\Runner::handle() - CORE/src/Http/Runner.php, line 73
Cake\Http\Runner::run() - CORE/src/Http/Runner.php, line 58
Cake\Http\Server::run() - CORE/src/Http/Server.php, line 90
require - ROOT/webroot/index.php, line 40
[main] - ROOT/index.php, line 16

2022-05-02 07:34:44 warning: Warning (2): Undefined array key "page" in [/home/vagrant/code/04/vendor/cakephp/cakephp/src/View/Helper/PaginatorHelper.php, line 730]
Request URL: /
Client IP: 192.168.10.1
Trace:
Cake\Error\BaseErrorHandler::handleError() - CORE/src/Error/BaseErrorHandler.php, line 185
Cake\View\Helper\PaginatorHelper::counter() - CORE/src/View/Helper/PaginatorHelper.php, line 730
include - ROOT/templates/Plans/index.php, line 46
Cake\View\View::_evaluate() - CORE/src/View/View.php, line 1181
Cake\View\View::_render() - CORE/src/View/View.php, line 1138
Cake\View\View::render() - CORE/src/View/View.php, line 769
Cake\Controller\Controller::render() - CORE/src/Controller/Controller.php, line 764
Cake\Controller\Controller::invokeAction() - CORE/src/Controller/Controller.php, line 548
Cake\Controller\ControllerFactory::handle() - CORE/src/Controller/ControllerFactory.php, line 140
Cake\Controller\ControllerFactory::invoke() - CORE/src/Controller/ControllerFactory.php, line 115
Cake\Http\BaseApplication::handle() - CORE/src/Http/BaseApplication.php, line 317
Cake\Http\Runner::handle() - CORE/src/Http/Runner.php, line 77
Cake\Http\Middleware\CsrfProtectionMiddleware::process() - CORE/src/Http/Middleware/CsrfProtectionMiddleware.php, line 174
Cake\Http\Runner::handle() - CORE/src/Http/Runner.php, line 73
Cake\Http\Middleware\BodyParserMiddleware::process() - CORE/src/Http/Middleware/BodyParserMiddleware.php, line 157
Cake\Http\Runner::handle() - CORE/src/Http/Runner.php, line 73
Cake\Routing\Middleware\RoutingMiddleware::process() - CORE/src/Routing/Middleware/RoutingMiddleware.php, line 161
Cake\Http\Runner::handle() - CORE/src/Http/Runner.php, line 73
Cake\Routing\Middleware\AssetMiddleware::process() - CORE/src/Routing/Middleware/AssetMiddleware.php, line 68
Cake\Http\Runner::handle() - CORE/src/Http/Runner.php, line 73
Cake\Error\Middleware\ErrorHandlerMiddleware::process() - CORE/src/Error/Middleware/ErrorHandlerMiddleware.php, line 126
Cake\Http\Runner::handle() - CORE/src/Http/Runner.php, line 73
Cake\Http\Runner::run() - CORE/src/Http/Runner.php, line 58
Cake\Http\Server::run() - CORE/src/Http/Server.php, line 90
require - ROOT/webroot/index.php, line 40
[main] - ROOT/index.php, line 16

2022-05-02 07:34:44 warning: Warning (2): Undefined array key "current" in [/home/vagrant/code/04/vendor/cakephp/cakephp/src/View/Helper/PaginatorHelper.php, line 732]
Request URL: /
Client IP: 192.168.10.1
Trace:
Cake\Error\BaseErrorHandler::handleError() - CORE/src/Error/BaseErrorHandler.php, line 185
Cake\View\Helper\PaginatorHelper::counter() - CORE/src/View/Helper/PaginatorHelper.php, line 732
include - ROOT/templates/Plans/index.php, line 46
Cake\View\View::_evaluate() - CORE/src/View/View.php, line 1181
Cake\View\View::_render() - CORE/src/View/View.php, line 1138
Cake\View\View::render() - CORE/src/View/View.php, line 769
Cake\Controller\Controller::render() - CORE/src/Controller/Controller.php, line 764
Cake\Controller\Controller::invokeAction() - CORE/src/Controller/Controller.php, line 548
Cake\Controller\ControllerFactory::handle() - CORE/src/Controller/ControllerFactory.php, line 140
Cake\Controller\ControllerFactory::invoke() - CORE/src/Controller/ControllerFactory.php, line 115
Cake\Http\BaseApplication::handle() - CORE/src/Http/BaseApplication.php, line 317
Cake\Http\Runner::handle() - CORE/src/Http/Runner.php, line 77
Cake\Http\Middleware\CsrfProtectionMiddleware::process() - CORE/src/Http/Middleware/CsrfProtectionMiddleware.php, line 174
Cake\Http\Runner::handle() - CORE/src/Http/Runner.php, line 73
Cake\Http\Middleware\BodyParserMiddleware::process() - CORE/src/Http/Middleware/BodyParserMiddleware.php, line 157
Cake\Http\Runner::handle() - CORE/src/Http/Runner.php, line 73
Cake\Routing\Middleware\RoutingMiddleware::process() - CORE/src/Routing/Middleware/RoutingMiddleware.php, line 161
Cake\Http\Runner::handle() - CORE/src/Http/Runner.php, line 73
Cake\Routing\Middleware\AssetMiddleware::process() - CORE/src/Routing/Middleware/AssetMiddleware.php, line 68
Cake\Http\Runner::handle() - CORE/src/Http/Runner.php, line 73
Cake\Error\Middleware\ErrorHandlerMiddleware::process() - CORE/src/Error/Middleware/ErrorHandlerMiddleware.php, line 126
Cake\Http\Runner::handle() - CORE/src/Http/Runner.php, line 73
Cake\Http\Runner::run() - CORE/src/Http/Runner.php, line 58
Cake\Http\Server::run() - CORE/src/Http/Server.php, line 90
require - ROOT/webroot/index.php, line 40
[main] - ROOT/index.php, line 16

2022-05-02 07:34:44 warning: Warning (2): Undefined array key "count" in [/home/vagrant/code/04/vendor/cakephp/cakephp/src/View/Helper/PaginatorHelper.php, line 733]
Request URL: /
Client IP: 192.168.10.1
Trace:
Cake\Error\BaseErrorHandler::handleError() - CORE/src/Error/BaseErrorHandler.php, line 185
Cake\View\Helper\PaginatorHelper::counter() - CORE/src/View/Helper/PaginatorHelper.php, line 733
include - ROOT/templates/Plans/index.php, line 46
Cake\View\View::_evaluate() - CORE/src/View/View.php, line 1181
Cake\View\View::_render() - CORE/src/View/View.php, line 1138
Cake\View\View::render() - CORE/src/View/View.php, line 769
Cake\Controller\Controller::render() - CORE/src/Controller/Controller.php, line 764
Cake\Controller\Controller::invokeAction() - CORE/src/Controller/Controller.php, line 548
Cake\Controller\ControllerFactory::handle() - CORE/src/Controller/ControllerFactory.php, line 140
Cake\Controller\ControllerFactory::invoke() - CORE/src/Controller/ControllerFactory.php, line 115
Cake\Http\BaseApplication::handle() - CORE/src/Http/BaseApplication.php, line 317
Cake\Http\Runner::handle() - CORE/src/Http/Runner.php, line 77
Cake\Http\Middleware\CsrfProtectionMiddleware::process() - CORE/src/Http/Middleware/CsrfProtectionMiddleware.php, line 174
Cake\Http\Runner::handle() - CORE/src/Http/Runner.php, line 73
Cake\Http\Middleware\BodyParserMiddleware::process() - CORE/src/Http/Middleware/BodyParserMiddleware.php, line 157
Cake\Http\Runner::handle() - CORE/src/Http/Runner.php, line 73
Cake\Routing\Middleware\RoutingMiddleware::process() - CORE/src/Routing/Middleware/RoutingMiddleware.php, line 161
Cake\Http\Runner::handle() - CORE/src/Http/Runner.php, line 73
Cake\Routing\Middleware\AssetMiddleware::process() - CORE/src/Routing/Middleware/AssetMiddleware.php, line 68
Cake\Http\Runner::handle() - CORE/src/Http/Runner.php, line 73
Cake\Error\Middleware\ErrorHandlerMiddleware::process() - CORE/src/Error/Middleware/ErrorHandlerMiddleware.php, line 126
Cake\Http\Runner::handle() - CORE/src/Http/Runner.php, line 73
Cake\Http\Runner::run() - CORE/src/Http/Runner.php, line 58
Cake\Http\Server::run() - CORE/src/Http/Server.php, line 90
require - ROOT/webroot/index.php, line 40
[main] - ROOT/index.php, line 16

2022-05-02 07:34:44 warning: Warning (2): Undefined array key "start" in [/home/vagrant/code/04/vendor/cakephp/cakephp/src/View/Helper/PaginatorHelper.php, line 734]
Request URL: /
Client IP: 192.168.10.1
Trace:
Cake\Error\BaseErrorHandler::handleError() - CORE/src/Error/BaseErrorHandler.php, line 185
Cake\View\Helper\PaginatorHelper::counter() - CORE/src/View/Helper/PaginatorHelper.php, line 734
include - ROOT/templates/Plans/index.php, line 46
Cake\View\View::_evaluate() - CORE/src/View/View.php, line 1181
Cake\View\View::_render() - CORE/src/View/View.php, line 1138
Cake\View\View::render() - CORE/src/View/View.php, line 769
Cake\Controller\Controller::render() - CORE/src/Controller/Controller.php, line 764
Cake\Controller\Controller::invokeAction() - CORE/src/Controller/Controller.php, line 548
Cake\Controller\ControllerFactory::handle() - CORE/src/Controller/ControllerFactory.php, line 140
Cake\Controller\ControllerFactory::invoke() - CORE/src/Controller/ControllerFactory.php, line 115
Cake\Http\BaseApplication::handle() - CORE/src/Http/BaseApplication.php, line 317
Cake\Http\Runner::handle() - CORE/src/Http/Runner.php, line 77
Cake\Http\Middleware\CsrfProtectionMiddleware::process() - CORE/src/Http/Middleware/CsrfProtectionMiddleware.php, line 174
Cake\Http\Runner::handle() - CORE/src/Http/Runner.php, line 73
Cake\Http\Middleware\BodyParserMiddleware::process() - CORE/src/Http/Middleware/BodyParserMiddleware.php, line 157
Cake\Http\Runner::handle() - CORE/src/Http/Runner.php, line 73
Cake\Routing\Middleware\RoutingMiddleware::process() - CORE/src/Routing/Middleware/RoutingMiddleware.php, line 161
Cake\Http\Runner::handle() - CORE/src/Http/Runner.php, line 73
Cake\Routing\Middleware\AssetMiddleware::process() - CORE/src/Routing/Middleware/AssetMiddleware.php, line 68
Cake\Http\Runner::handle() - CORE/src/Http/Runner.php, line 73
Cake\Error\Middleware\ErrorHandlerMiddleware::process() - CORE/src/Error/Middleware/ErrorHandlerMiddleware.php, line 126
Cake\Http\Runner::handle() - CORE/src/Http/Runner.php, line 73
Cake\Http\Runner::run() - CORE/src/Http/Runner.php, line 58
Cake\Http\Server::run() - CORE/src/Http/Server.php, line 90
require - ROOT/webroot/index.php, line 40
[main] - ROOT/index.php, line 16

2022-05-02 07:34:44 warning: Warning (2): Undefined array key "end" in [/home/vagrant/code/04/vendor/cakephp/cakephp/src/View/Helper/PaginatorHelper.php, line 735]
Request URL: /
Client IP: 192.168.10.1
Trace:
Cake\Error\BaseErrorHandler::handleError() - CORE/src/Error/BaseErrorHandler.php, line 185
Cake\View\Helper\PaginatorHelper::counter() - CORE/src/View/Helper/PaginatorHelper.php, line 735
include - ROOT/templates/Plans/index.php, line 46
Cake\View\View::_evaluate() - CORE/src/View/View.php, line 1181
Cake\View\View::_render() - CORE/src/View/View.php, line 1138
Cake\View\View::render() - CORE/src/View/View.php, line 769
Cake\Controller\Controller::render() - CORE/src/Controller/Controller.php, line 764
Cake\Controller\Controller::invokeAction() - CORE/src/Controller/Controller.php, line 548
Cake\Controller\ControllerFactory::handle() - CORE/src/Controller/ControllerFactory.php, line 140
Cake\Controller\ControllerFactory::invoke() - CORE/src/Controller/ControllerFactory.php, line 115
Cake\Http\BaseApplication::handle() - CORE/src/Http/BaseApplication.php, line 317
Cake\Http\Runner::handle() - CORE/src/Http/Runner.php, line 77
Cake\Http\Middleware\CsrfProtectionMiddleware::process() - CORE/src/Http/Middleware/CsrfProtectionMiddleware.php, line 174
Cake\Http\Runner::handle() - CORE/src/Http/Runner.php, line 73
Cake\Http\Middleware\BodyParserMiddleware::process() - CORE/src/Http/Middleware/BodyParserMiddleware.php, line 157
Cake\Http\Runner::handle() - CORE/src/Http/Runner.php, line 73
Cake\Routing\Middleware\RoutingMiddleware::process() - CORE/src/Routing/Middleware/RoutingMiddleware.php, line 161
Cake\Http\Runner::handle() - CORE/src/Http/Runner.php, line 73
Cake\Routing\Middleware\AssetMiddleware::process() - CORE/src/Routing/Middleware/AssetMiddleware.php, line 68
Cake\Http\Runner::handle() - CORE/src/Http/Runner.php, line 73
Cake\Error\Middleware\ErrorHandlerMiddleware::process() - CORE/src/Error/Middleware/ErrorHandlerMiddleware.php, line 126
Cake\Http\Runner::handle() - CORE/src/Http/Runner.php, line 73
Cake\Http\Runner::run() - CORE/src/Http/Runner.php, line 58
Cake\Http\Server::run() - CORE/src/Http/Server.php, line 90
require - ROOT/webroot/index.php, line 40
[main] - ROOT/index.php, line 16

2022-05-02 07:34:44 error: [TypeError] Cake\Utility\Inflector::tableize(): Argument #1 ($className) must be of type string, null given, called in /home/vagrant/code/04/vendor/cakephp/cakephp/src/View/Helper/PaginatorHelper.php on line 739 in /home/vagrant/code/04/vendor/cakephp/cakephp/src/Utility/Inflector.php on line 473
Stack Trace:
- /home/vagrant/code/04/vendor/cakephp/cakephp/src/View/Helper/PaginatorHelper.php:739
- /home/vagrant/code/04/templates/Plans/index.php:46
- /home/vagrant/code/04/vendor/cakephp/cakephp/src/View/View.php:1181
- /home/vagrant/code/04/vendor/cakephp/cakephp/src/View/View.php:1138
- /home/vagrant/code/04/vendor/cakephp/cakephp/src/View/View.php:769
- /home/vagrant/code/04/vendor/cakephp/cakephp/src/Controller/Controller.php:764
- /home/vagrant/code/04/vendor/cakephp/cakephp/src/Controller/Controller.php:548
- /home/vagrant/code/04/vendor/cakephp/cakephp/src/Controller/ControllerFactory.php:140
- /home/vagrant/code/04/vendor/cakephp/cakephp/src/Controller/ControllerFactory.php:115
- /home/vagrant/code/04/vendor/cakephp/cakephp/src/Http/BaseApplication.php:317
- /home/vagrant/code/04/vendor/cakephp/cakephp/src/Http/Runner.php:77
- /home/vagrant/code/04/vendor/cakephp/cakephp/src/Http/Middleware/CsrfProtectionMiddleware.php:174
- /home/vagrant/code/04/vendor/cakephp/cakephp/src/Http/Runner.php:73
- /home/vagrant/code/04/vendor/cakephp/cakephp/src/Http/Middleware/BodyParserMiddleware.php:157
- /home/vagrant/code/04/vendor/cakephp/cakephp/src/Http/Runner.php:73
- /home/vagrant/code/04/vendor/cakephp/cakephp/src/Routing/Middleware/RoutingMiddleware.php:161
- /home/vagrant/code/04/vendor/cakephp/cakephp/src/Http/Runner.php:73
- /home/vagrant/code/04/vendor/cakephp/cakephp/src/Routing/Middleware/AssetMiddleware.php:68
- /home/vagrant/code/04/vendor/cakephp/cakephp/src/Http/Runner.php:73
- /home/vagrant/code/04/vendor/cakephp/cakephp/src/Error/Middleware/ErrorHandlerMiddleware.php:126
- /home/vagrant/code/04/vendor/cakephp/cakephp/src/Http/Runner.php:73
- /home/vagrant/code/04/vendor/cakephp/cakephp/src/Http/Runner.php:58
- /home/vagrant/code/04/vendor/cakephp/cakephp/src/Http/Server.php:90
- /home/vagrant/code/04/webroot/index.php:40
- /home/vagrant/code/04/index.php:16

Request URL: /
Client IP: 192.168.10.1


2022-05-02 07:34:44 warning: Warning (2): Undefined array key "pageCount" in [/home/vagrant/code/04/vendor/cakephp/cakephp/src/View/Helper/PaginatorHelper.php, line 1046]
Request URL: /
Client IP: 192.168.10.1
Trace:
Cake\Error\BaseErrorHandler::handleError() - CORE/src/Error/BaseErrorHandler.php, line 185
Cake\View\Helper\PaginatorHelper::first() - CORE/src/View/Helper/PaginatorHelper.php, line 1046
include - ROOT/templates/Plans/index.php, line 40
Cake\View\View::_evaluate() - CORE/src/View/View.php, line 1181
Cake\View\View::_render() - CORE/src/View/View.php, line 1138
Cake\View\View::render() - CORE/src/View/View.php, line 769
Cake\Controller\Controller::render() - CORE/src/Controller/Controller.php, line 764
Cake\Controller\Controller::invokeAction() - CORE/src/Controller/Controller.php, line 548
Cake\Controller\ControllerFactory::handle() - CORE/src/Controller/ControllerFactory.php, line 140
Cake\Controller\ControllerFactory::invoke() - CORE/src/Controller/ControllerFactory.php, line 115
Cake\Http\BaseApplication::handle() - CORE/src/Http/BaseApplication.php, line 317
Cake\Http\Runner::handle() - CORE/src/Http/Runner.php, line 77
Cake\Http\Middleware\CsrfProtectionMiddleware::process() - CORE/src/Http/Middleware/CsrfProtectionMiddleware.php, line 174
Cake\Http\Runner::handle() - CORE/src/Http/Runner.php, line 73
Cake\Http\Middleware\BodyParserMiddleware::process() - CORE/src/Http/Middleware/BodyParserMiddleware.php, line 157
Cake\Http\Runner::handle() - CORE/src/Http/Runner.php, line 73
Cake\Routing\Middleware\RoutingMiddleware::process() - CORE/src/Routing/Middleware/RoutingMiddleware.php, line 161
Cake\Http\Runner::handle() - CORE/src/Http/Runner.php, line 73
Cake\Routing\Middleware\AssetMiddleware::process() - CORE/src/Routing/Middleware/AssetMiddleware.php, line 68
Cake\Http\Runner::handle() - CORE/src/Http/Runner.php, line 73
Cake\Error\Middleware\ErrorHandlerMiddleware::process() - CORE/src/Error/Middleware/ErrorHandlerMiddleware.php, line 126
Cake\Http\Runner::handle() - CORE/src/Http/Runner.php, line 73
Cake\Http\Runner::run() - CORE/src/Http/Runner.php, line 58
Cake\Http\Server::run() - CORE/src/Http/Server.php, line 90
require - ROOT/webroot/index.php, line 40
[main] - ROOT/index.php, line 16

2022-05-02 07:34:44 warning: Warning (2): Undefined array key "pageCount" in [/home/vagrant/code/04/vendor/cakephp/cakephp/src/View/Helper/PaginatorHelper.php, line 790]
Request URL: /
Client IP: 192.168.10.1
Trace:
Cake\Error\BaseErrorHandler::handleError() - CORE/src/Error/BaseErrorHandler.php, line 185
Cake\View\Helper\PaginatorHelper::numbers() - CORE/src/View/Helper/PaginatorHelper.php, line 790
include - ROOT/templates/Plans/index.php, line 42
Cake\View\View::_evaluate() - CORE/src/View/View.php, line 1181
Cake\View\View::_render() - CORE/src/View/View.php, line 1138
Cake\View\View::render() - CORE/src/View/View.php, line 769
Cake\Controller\Controller::render() - CORE/src/Controller/Controller.php, line 764
Cake\Controller\Controller::invokeAction() - CORE/src/Controller/Controller.php, line 548
Cake\Controller\ControllerFactory::handle() - CORE/src/Controller/ControllerFactory.php, line 140
Cake\Controller\ControllerFactory::invoke() - CORE/src/Controller/ControllerFactory.php, line 115
Cake\Http\BaseApplication::handle() - CORE/src/Http/BaseApplication.php, line 317
Cake\Http\Runner::handle() - CORE/src/Http/Runner.php, line 77
Cake\Http\Middleware\CsrfProtectionMiddleware::process() - CORE/src/Http/Middleware/CsrfProtectionMiddleware.php, line 174
Cake\Http\Runner::handle() - CORE/src/Http/Runner.php, line 73
Cake\Http\Middleware\BodyParserMiddleware::process() - CORE/src/Http/Middleware/BodyParserMiddleware.php, line 157
Cake\Http\Runner::handle() - CORE/src/Http/Runner.php, line 73
Cake\Routing\Middleware\RoutingMiddleware::process() - CORE/src/Routing/Middleware/RoutingMiddleware.php, line 161
Cake\Http\Runner::handle() - CORE/src/Http/Runner.php, line 73
Cake\Routing\Middleware\AssetMiddleware::process() - CORE/src/Routing/Middleware/AssetMiddleware.php, line 68
Cake\Http\Runner::handle() - CORE/src/Http/Runner.php, line 73
Cake\Error\Middleware\ErrorHandlerMiddleware::process() - CORE/src/Error/Middleware/ErrorHandlerMiddleware.php, line 126
Cake\Http\Runner::handle() - CORE/src/Http/Runner.php, line 73
Cake\Http\Runner::run() - CORE/src/Http/Runner.php, line 58
Cake\Http\Server::run() - CORE/src/Http/Server.php, line 90
require - ROOT/webroot/index.php, line 40
[main] - ROOT/index.php, line 16

2022-05-02 07:34:44 warning: Warning (2): Undefined array key "pageCount" in [/home/vagrant/code/04/vendor/cakephp/cakephp/src/View/Helper/PaginatorHelper.php, line 1105]
Request URL: /
Client IP: 192.168.10.1
Trace:
Cake\Error\BaseErrorHandler::handleError() - CORE/src/Error/BaseErrorHandler.php, line 185
Cake\View\Helper\PaginatorHelper::last() - CORE/src/View/Helper/PaginatorHelper.php, line 1105
include - ROOT/templates/Plans/index.php, line 44
Cake\View\View::_evaluate() - CORE/src/View/View.php, line 1181
Cake\View\View::_render() - CORE/src/View/View.php, line 1138
Cake\View\View::render() - CORE/src/View/View.php, line 769
Cake\Controller\Controller::render() - CORE/src/Controller/Controller.php, line 764
Cake\Controller\Controller::invokeAction() - CORE/src/Controller/Controller.php, line 548
Cake\Controller\ControllerFactory::handle() - CORE/src/Controller/ControllerFactory.php, line 140
Cake\Controller\ControllerFactory::invoke() - CORE/src/Controller/ControllerFactory.php, line 115
Cake\Http\BaseApplication::handle() - CORE/src/Http/BaseApplication.php, line 317
Cake\Http\Runner::handle() - CORE/src/Http/Runner.php, line 77
Cake\Http\Middleware\CsrfProtectionMiddleware::process() - CORE/src/Http/Middleware/CsrfProtectionMiddleware.php, line 174
Cake\Http\Runner::handle() - CORE/src/Http/Runner.php, line 73
Cake\Http\Middleware\BodyParserMiddleware::process() - CORE/src/Http/Middleware/BodyParserMiddleware.php, line 157
Cake\Http\Runner::handle() - CORE/src/Http/Runner.php, line 73
Cake\Routing\Middleware\RoutingMiddleware::process() - CORE/src/Routing/Middleware/RoutingMiddleware.php, line 161
Cake\Http\Runner::handle() - CORE/src/Http/Runner.php, line 73
Cake\Routing\Middleware\AssetMiddleware::process() - CORE/src/Routing/Middleware/AssetMiddleware.php, line 68
Cake\Http\Runner::handle() - CORE/src/Http/Runner.php, line 73
Cake\Error\Middleware\ErrorHandlerMiddleware::process() - CORE/src/Error/Middleware/ErrorHandlerMiddleware.php, line 126
Cake\Http\Runner::handle() - CORE/src/Http/Runner.php, line 73
Cake\Http\Runner::run() - CORE/src/Http/Runner.php, line 58
Cake\Http\Server::run() - CORE/src/Http/Server.php, line 90
require - ROOT/webroot/index.php, line 40
[main] - ROOT/index.php, line 16

2022-05-02 07:34:44 warning: Warning (2): Undefined array key "pageCount" in [/home/vagrant/code/04/vendor/cakephp/cakephp/src/View/Helper/PaginatorHelper.php, line 716]
Request URL: /
Client IP: 192.168.10.1
Trace:
Cake\Error\BaseErrorHandler::handleError() - CORE/src/Error/BaseErrorHandler.php, line 185
Cake\View\Helper\PaginatorHelper::counter() - CORE/src/View/Helper/PaginatorHelper.php, line 716
include - ROOT/templates/Plans/index.php, line 46
Cake\View\View::_evaluate() - CORE/src/View/View.php, line 1181
Cake\View\View::_render() - CORE/src/View/View.php, line 1138
Cake\View\View::render() - CORE/src/View/View.php, line 769
Cake\Controller\Controller::render() - CORE/src/Controller/Controller.php, line 764
Cake\Controller\Controller::invokeAction() - CORE/src/Controller/Controller.php, line 548
Cake\Controller\ControllerFactory::handle() - CORE/src/Controller/ControllerFactory.php, line 140
Cake\Controller\ControllerFactory::invoke() - CORE/src/Controller/ControllerFactory.php, line 115
Cake\Http\BaseApplication::handle() - CORE/src/Http/BaseApplication.php, line 317
Cake\Http\Runner::handle() - CORE/src/Http/Runner.php, line 77
Cake\Http\Middleware\CsrfProtectionMiddleware::process() - CORE/src/Http/Middleware/CsrfProtectionMiddleware.php, line 174
Cake\Http\Runner::handle() - CORE/src/Http/Runner.php, line 73
Cake\Http\Middleware\BodyParserMiddleware::process() - CORE/src/Http/Middleware/BodyParserMiddleware.php, line 157
Cake\Http\Runner::handle() - CORE/src/Http/Runner.php, line 73
Cake\Routing\Middleware\RoutingMiddleware::process() - CORE/src/Routing/Middleware/RoutingMiddleware.php, line 161
Cake\Http\Runner::handle() - CORE/src/Http/Runner.php, line 73
Cake\Routing\Middleware\AssetMiddleware::process() - CORE/src/Routing/Middleware/AssetMiddleware.php, line 68
Cake\Http\Runner::handle() - CORE/src/Http/Runner.php, line 73
Cake\Error\Middleware\ErrorHandlerMiddleware::process() - CORE/src/Error/Middleware/ErrorHandlerMiddleware.php, line 126
Cake\Http\Runner::handle() - CORE/src/Http/Runner.php, line 73
Cake\Http\Runner::run() - CORE/src/Http/Runner.php, line 58
Cake\Http\Server::run() - CORE/src/Http/Server.php, line 90
require - ROOT/webroot/index.php, line 40
[main] - ROOT/index.php, line 16

2022-05-02 07:34:44 warning: Warning (2): Undefined array key "page" in [/home/vagrant/code/04/vendor/cakephp/cakephp/src/View/Helper/PaginatorHelper.php, line 730]
Request URL: /
Client IP: 192.168.10.1
Trace:
Cake\Error\BaseErrorHandler::handleError() - CORE/src/Error/BaseErrorHandler.php, line 185
Cake\View\Helper\PaginatorHelper::counter() - CORE/src/View/Helper/PaginatorHelper.php, line 730
include - ROOT/templates/Plans/index.php, line 46
Cake\View\View::_evaluate() - CORE/src/View/View.php, line 1181
Cake\View\View::_render() - CORE/src/View/View.php, line 1138
Cake\View\View::render() - CORE/src/View/View.php, line 769
Cake\Controller\Controller::render() - CORE/src/Controller/Controller.php, line 764
Cake\Controller\Controller::invokeAction() - CORE/src/Controller/Controller.php, line 548
Cake\Controller\ControllerFactory::handle() - CORE/src/Controller/ControllerFactory.php, line 140
Cake\Controller\ControllerFactory::invoke() - CORE/src/Controller/ControllerFactory.php, line 115
Cake\Http\BaseApplication::handle() - CORE/src/Http/BaseApplication.php, line 317
Cake\Http\Runner::handle() - CORE/src/Http/Runner.php, line 77
Cake\Http\Middleware\CsrfProtectionMiddleware::process() - CORE/src/Http/Middleware/CsrfProtectionMiddleware.php, line 174
Cake\Http\Runner::handle() - CORE/src/Http/Runner.php, line 73
Cake\Http\Middleware\BodyParserMiddleware::process() - CORE/src/Http/Middleware/BodyParserMiddleware.php, line 157
Cake\Http\Runner::handle() - CORE/src/Http/Runner.php, line 73
Cake\Routing\Middleware\RoutingMiddleware::process() - CORE/src/Routing/Middleware/RoutingMiddleware.php, line 161
Cake\Http\Runner::handle() - CORE/src/Http/Runner.php, line 73
Cake\Routing\Middleware\AssetMiddleware::process() - CORE/src/Routing/Middleware/AssetMiddleware.php, line 68
Cake\Http\Runner::handle() - CORE/src/Http/Runner.php, line 73
Cake\Error\Middleware\ErrorHandlerMiddleware::process() - CORE/src/Error/Middleware/ErrorHandlerMiddleware.php, line 126
Cake\Http\Runner::handle() - CORE/src/Http/Runner.php, line 73
Cake\Http\Runner::run() - CORE/src/Http/Runner.php, line 58
Cake\Http\Server::run() - CORE/src/Http/Server.php, line 90
require - ROOT/webroot/index.php, line 40
[main] - ROOT/index.php, line 16

2022-05-02 07:34:44 warning: Warning (2): Undefined array key "current" in [/home/vagrant/code/04/vendor/cakephp/cakephp/src/View/Helper/PaginatorHelper.php, line 732]
Request URL: /
Client IP: 192.168.10.1
Trace:
Cake\Error\BaseErrorHandler::handleError() - CORE/src/Error/BaseErrorHandler.php, line 185
Cake\View\Helper\PaginatorHelper::counter() - CORE/src/View/Helper/PaginatorHelper.php, line 732
include - ROOT/templates/Plans/index.php, line 46
Cake\View\View::_evaluate() - CORE/src/View/View.php, line 1181
Cake\View\View::_render() - CORE/src/View/View.php, line 1138
Cake\View\View::render() - CORE/src/View/View.php, line 769
Cake\Controller\Controller::render() - CORE/src/Controller/Controller.php, line 764
Cake\Controller\Controller::invokeAction() - CORE/src/Controller/Controller.php, line 548
Cake\Controller\ControllerFactory::handle() - CORE/src/Controller/ControllerFactory.php, line 140
Cake\Controller\ControllerFactory::invoke() - CORE/src/Controller/ControllerFactory.php, line 115
Cake\Http\BaseApplication::handle() - CORE/src/Http/BaseApplication.php, line 317
Cake\Http\Runner::handle() - CORE/src/Http/Runner.php, line 77
Cake\Http\Middleware\CsrfProtectionMiddleware::process() - CORE/src/Http/Middleware/CsrfProtectionMiddleware.php, line 174
Cake\Http\Runner::handle() - CORE/src/Http/Runner.php, line 73
Cake\Http\Middleware\BodyParserMiddleware::process() - CORE/src/Http/Middleware/BodyParserMiddleware.php, line 157
Cake\Http\Runner::handle() - CORE/src/Http/Runner.php, line 73
Cake\Routing\Middleware\RoutingMiddleware::process() - CORE/src/Routing/Middleware/RoutingMiddleware.php, line 161
Cake\Http\Runner::handle() - CORE/src/Http/Runner.php, line 73
Cake\Routing\Middleware\AssetMiddleware::process() - CORE/src/Routing/Middleware/AssetMiddleware.php, line 68
Cake\Http\Runner::handle() - CORE/src/Http/Runner.php, line 73
Cake\Error\Middleware\ErrorHandlerMiddleware::process() - CORE/src/Error/Middleware/ErrorHandlerMiddleware.php, line 126
Cake\Http\Runner::handle() - CORE/src/Http/Runner.php, line 73
Cake\Http\Runner::run() - CORE/src/Http/Runner.php, line 58
Cake\Http\Server::run() - CORE/src/Http/Server.php, line 90
require - ROOT/webroot/index.php, line 40
[main] - ROOT/index.php, line 16

2022-05-02 07:34:44 warning: Warning (2): Undefined array key "count" in [/home/vagrant/code/04/vendor/cakephp/cakephp/src/View/Helper/PaginatorHelper.php, line 733]
Request URL: /
Client IP: 192.168.10.1
Trace:
Cake\Error\BaseErrorHandler::handleError() - CORE/src/Error/BaseErrorHandler.php, line 185
Cake\View\Helper\PaginatorHelper::counter() - CORE/src/View/Helper/PaginatorHelper.php, line 733
include - ROOT/templates/Plans/index.php, line 46
Cake\View\View::_evaluate() - CORE/src/View/View.php, line 1181
Cake\View\View::_render() - CORE/src/View/View.php, line 1138
Cake\View\View::render() - CORE/src/View/View.php, line 769
Cake\Controller\Controller::render() - CORE/src/Controller/Controller.php, line 764
Cake\Controller\Controller::invokeAction() - CORE/src/Controller/Controller.php, line 548
Cake\Controller\ControllerFactory::handle() - CORE/src/Controller/ControllerFactory.php, line 140
Cake\Controller\ControllerFactory::invoke() - CORE/src/Controller/ControllerFactory.php, line 115
Cake\Http\BaseApplication::handle() - CORE/src/Http/BaseApplication.php, line 317
Cake\Http\Runner::handle() - CORE/src/Http/Runner.php, line 77
Cake\Http\Middleware\CsrfProtectionMiddleware::process() - CORE/src/Http/Middleware/CsrfProtectionMiddleware.php, line 174
Cake\Http\Runner::handle() - CORE/src/Http/Runner.php, line 73
Cake\Http\Middleware\BodyParserMiddleware::process() - CORE/src/Http/Middleware/BodyParserMiddleware.php, line 157
Cake\Http\Runner::handle() - CORE/src/Http/Runner.php, line 73
Cake\Routing\Middleware\RoutingMiddleware::process() - CORE/src/Routing/Middleware/RoutingMiddleware.php, line 161
Cake\Http\Runner::handle() - CORE/src/Http/Runner.php, line 73
Cake\Routing\Middleware\AssetMiddleware::process() - CORE/src/Routing/Middleware/AssetMiddleware.php, line 68
Cake\Http\Runner::handle() - CORE/src/Http/Runner.php, line 73
Cake\Error\Middleware\ErrorHandlerMiddleware::process() - CORE/src/Error/Middleware/ErrorHandlerMiddleware.php, line 126
Cake\Http\Runner::handle() - CORE/src/Http/Runner.php, line 73
Cake\Http\Runner::run() - CORE/src/Http/Runner.php, line 58
Cake\Http\Server::run() - CORE/src/Http/Server.php, line 90
require - ROOT/webroot/index.php, line 40
[main] - ROOT/index.php, line 16

2022-05-02 07:34:44 warning: Warning (2): Undefined array key "start" in [/home/vagrant/code/04/vendor/cakephp/cakephp/src/View/Helper/PaginatorHelper.php, line 734]
Request URL: /
Client IP: 192.168.10.1
Trace:
Cake\Error\BaseErrorHandler::handleError() - CORE/src/Error/BaseErrorHandler.php, line 185
Cake\View\Helper\PaginatorHelper::counter() - CORE/src/View/Helper/PaginatorHelper.php, line 734
include - ROOT/templates/Plans/index.php, line 46
Cake\View\View::_evaluate() - CORE/src/View/View.php, line 1181
Cake\View\View::_render() - CORE/src/View/View.php, line 1138
Cake\View\View::render() - CORE/src/View/View.php, line 769
Cake\Controller\Controller::render() - CORE/src/Controller/Controller.php, line 764
Cake\Controller\Controller::invokeAction() - CORE/src/Controller/Controller.php, line 548
Cake\Controller\ControllerFactory::handle() - CORE/src/Controller/ControllerFactory.php, line 140
Cake\Controller\ControllerFactory::invoke() - CORE/src/Controller/ControllerFactory.php, line 115
Cake\Http\BaseApplication::handle() - CORE/src/Http/BaseApplication.php, line 317
Cake\Http\Runner::handle() - CORE/src/Http/Runner.php, line 77
Cake\Http\Middleware\CsrfProtectionMiddleware::process() - CORE/src/Http/Middleware/CsrfProtectionMiddleware.php, line 174
Cake\Http\Runner::handle() - CORE/src/Http/Runner.php, line 73
Cake\Http\Middleware\BodyParserMiddleware::process() - CORE/src/Http/Middleware/BodyParserMiddleware.php, line 157
Cake\Http\Runner::handle() - CORE/src/Http/Runner.php, line 73
Cake\Routing\Middleware\RoutingMiddleware::process() - CORE/src/Routing/Middleware/RoutingMiddleware.php, line 161
Cake\Http\Runner::handle() - CORE/src/Http/Runner.php, line 73
Cake\Routing\Middleware\AssetMiddleware::process() - CORE/src/Routing/Middleware/AssetMiddleware.php, line 68
Cake\Http\Runner::handle() - CORE/src/Http/Runner.php, line 73
Cake\Error\Middleware\ErrorHandlerMiddleware::process() - CORE/src/Error/Middleware/ErrorHandlerMiddleware.php, line 126
Cake\Http\Runner::handle() - CORE/src/Http/Runner.php, line 73
Cake\Http\Runner::run() - CORE/src/Http/Runner.php, line 58
Cake\Http\Server::run() - CORE/src/Http/Server.php, line 90
require - ROOT/webroot/index.php, line 40
[main] - ROOT/index.php, line 16

2022-05-02 07:34:44 warning: Warning (2): Undefined array key "end" in [/home/vagrant/code/04/vendor/cakephp/cakephp/src/View/Helper/PaginatorHelper.php, line 735]
Request URL: /
Client IP: 192.168.10.1
Trace:
Cake\Error\BaseErrorHandler::handleError() - CORE/src/Error/BaseErrorHandler.php, line 185
Cake\View\Helper\PaginatorHelper::counter() - CORE/src/View/Helper/PaginatorHelper.php, line 735
include - ROOT/templates/Plans/index.php, line 46
Cake\View\View::_evaluate() - CORE/src/View/View.php, line 1181
Cake\View\View::_render() - CORE/src/View/View.php, line 1138
Cake\View\View::render() - CORE/src/View/View.php, line 769
Cake\Controller\Controller::render() - CORE/src/Controller/Controller.php, line 764
Cake\Controller\Controller::invokeAction() - CORE/src/Controller/Controller.php, line 548
Cake\Controller\ControllerFactory::handle() - CORE/src/Controller/ControllerFactory.php, line 140
Cake\Controller\ControllerFactory::invoke() - CORE/src/Controller/ControllerFactory.php, line 115
Cake\Http\BaseApplication::handle() - CORE/src/Http/BaseApplication.php, line 317
Cake\Http\Runner::handle() - CORE/src/Http/Runner.php, line 77
Cake\Http\Middleware\CsrfProtectionMiddleware::process() - CORE/src/Http/Middleware/CsrfProtectionMiddleware.php, line 174
Cake\Http\Runner::handle() - CORE/src/Http/Runner.php, line 73
Cake\Http\Middleware\BodyParserMiddleware::process() - CORE/src/Http/Middleware/BodyParserMiddleware.php, line 157
Cake\Http\Runner::handle() - CORE/src/Http/Runner.php, line 73
Cake\Routing\Middleware\RoutingMiddleware::process() - CORE/src/Routing/Middleware/RoutingMiddleware.php, line 161
Cake\Http\Runner::handle() - CORE/src/Http/Runner.php, line 73
Cake\Routing\Middleware\AssetMiddleware::process() - CORE/src/Routing/Middleware/AssetMiddleware.php, line 68
Cake\Http\Runner::handle() - CORE/src/Http/Runner.php, line 73
Cake\Error\Middleware\ErrorHandlerMiddleware::process() - CORE/src/Error/Middleware/ErrorHandlerMiddleware.php, line 126
Cake\Http\Runner::handle() - CORE/src/Http/Runner.php, line 73
Cake\Http\Runner::run() - CORE/src/Http/Runner.php, line 58
Cake\Http\Server::run() - CORE/src/Http/Server.php, line 90
require - ROOT/webroot/index.php, line 40
[main] - ROOT/index.php, line 16

2022-05-02 07:34:44 error: [TypeError] Cake\Utility\Inflector::tableize(): Argument #1 ($className) must be of type string, null given, called in /home/vagrant/code/04/vendor/cakephp/cakephp/src/View/Helper/PaginatorHelper.php on line 739 in /home/vagrant/code/04/vendor/cakephp/cakephp/src/Utility/Inflector.php on line 473
Stack Trace:
- /home/vagrant/code/04/vendor/cakephp/cakephp/src/View/Helper/PaginatorHelper.php:739
- /home/vagrant/code/04/templates/Plans/index.php:46
- /home/vagrant/code/04/vendor/cakephp/cakephp/src/View/View.php:1181
- /home/vagrant/code/04/vendor/cakephp/cakephp/src/View/View.php:1138
- /home/vagrant/code/04/vendor/cakephp/cakephp/src/View/View.php:769
- /home/vagrant/code/04/vendor/cakephp/cakephp/src/Controller/Controller.php:764
- /home/vagrant/code/04/vendor/cakephp/cakephp/src/Controller/Controller.php:548
- /home/vagrant/code/04/vendor/cakephp/cakephp/src/Controller/ControllerFactory.php:140
- /home/vagrant/code/04/vendor/cakephp/cakephp/src/Controller/ControllerFactory.php:115
- /home/vagrant/code/04/vendor/cakephp/cakephp/src/Http/BaseApplication.php:317
- /home/vagrant/code/04/vendor/cakephp/cakephp/src/Http/Runner.php:77
- /home/vagrant/code/04/vendor/cakephp/cakephp/src/Http/Middleware/CsrfProtectionMiddleware.php:174
- /home/vagrant/code/04/vendor/cakephp/cakephp/src/Http/Runner.php:73
- /home/vagrant/code/04/vendor/cakephp/cakephp/src/Http/Middleware/BodyParserMiddleware.php:157
- /home/vagrant/code/04/vendor/cakephp/cakephp/src/Http/Runner.php:73
- /home/vagrant/code/04/vendor/cakephp/cakephp/src/Routing/Middleware/RoutingMiddleware.php:161
- /home/vagrant/code/04/vendor/cakephp/cakephp/src/Http/Runner.php:73
- /home/vagrant/code/04/vendor/cakephp/cakephp/src/Routing/Middleware/AssetMiddleware.php:68
- /home/vagrant/code/04/vendor/cakephp/cakephp/src/Http/Runner.php:73
- /home/vagrant/code/04/vendor/cakephp/cakephp/src/Error/Middleware/ErrorHandlerMiddleware.php:126
- /home/vagrant/code/04/vendor/cakephp/cakephp/src/Http/Runner.php:73
- /home/vagrant/code/04/vendor/cakephp/cakephp/src/Http/Runner.php:58
- /home/vagrant/code/04/vendor/cakephp/cakephp/src/Http/Server.php:90
- /home/vagrant/code/04/webroot/index.php:40
- /home/vagrant/code/04/index.php:16

Request URL: /
Client IP: 192.168.10.1


